<?xml version="1.0" encoding="UTF-8"?>
<testng-results ignored="0" total="1" passed="1" failed="0" skipped="0">
  <reporter-output>
  </reporter-output>
  <suite started-at="2025-10-07T17:21:37 IST" name="Default suite" finished-at="2025-10-07T17:21:50 IST" duration-ms="12835">
    <groups>
    </groups>
    <test started-at="2025-10-07T17:21:37 IST" name="Default test" finished-at="2025-10-07T17:21:50 IST" duration-ms="12835">
      <class name="Shariq_Que2.NewTouristLoginTest">
        <test-method signature="verifyLoginFunctionality()[pri:0, instance:Shariq_Que2.NewTouristLoginTest@3c7f66c4]" started-at="2025-10-07T17:21:37 IST" name="verifyLoginFunctionality" finished-at="2025-10-07T17:21:50 IST" duration-ms="12787" status="PASS">
          <reporter-output>
          </reporter-output>
        </test-method> <!-- verifyLoginFunctionality -->
      </class> <!-- Shariq_Que2.NewTouristLoginTest -->
    </test> <!-- Default test -->
  </suite> <!-- Default suite -->
</testng-results>
